[2019-08-14 04:25:00,689] {taskinstance.py:616} INFO - Dependencies all met for <TaskInstance: blah.sleeps_forever 2019-08-14T04:23:35.932990+00:00 [queued]>
[2019-08-14 04:25:00,693] {taskinstance.py:616} INFO - Dependencies all met for <TaskInstance: blah.sleeps_forever 2019-08-14T04:23:35.932990+00:00 [queued]>
[2019-08-14 04:25:00,693] {taskinstance.py:834} INFO - 
--------------------------------------------------------------------------------
[2019-08-14 04:25:00,693] {taskinstance.py:835} INFO - Starting attempt 1 of 1
[2019-08-14 04:25:00,694] {taskinstance.py:836} INFO - 
--------------------------------------------------------------------------------
[2019-08-14 04:25:00,705] {taskinstance.py:855} INFO - Executing <Task(BashOperator): sleeps_forever> on 2019-08-14T04:23:35.932990+00:00
[2019-08-14 04:25:00,706] {base_task_runner.py:133} INFO - Running: ['airflow', 'run', 'blah', 'sleeps_forever', '2019-08-14T04:23:35.932990+00:00', '--job_id', '5', '--pool', 'default_pool', '--raw', '-sd', 'DAGS_FOLDER/blah.py', '--cfg_path', '/tmp/tmphd0l3f6z']
[2019-08-14 04:25:02,082] {base_task_runner.py:115} INFO - Job 5: Subtask sleeps_forever /root/miniconda/lib/python3.7/site-packages/sqlalchemy/sql/base.py:299: SAWarning: Can't validate argument 'extend_existing'; can't locate any SQLAlchemy dialect named 'extend'
[2019-08-14 04:25:02,082] {base_task_runner.py:115} INFO - Job 5: Subtask sleeps_forever   % (k, dialect_name)
[2019-08-14 04:25:02,144] {base_task_runner.py:115} INFO - Job 5: Subtask sleeps_forever [2019-08-14 04:25:02,143] {__init__.py:51} INFO - Using executor SequentialExecutor
[2019-08-14 04:25:02,411] {base_task_runner.py:115} INFO - Job 5: Subtask sleeps_forever [2019-08-14 04:25:02,408] {dagbag.py:90} INFO - Filling up the DagBag from /root/airflow/dags/blah.py
[2019-08-14 04:25:02,459] {base_task_runner.py:115} INFO - Job 5: Subtask sleeps_forever [2019-08-14 04:25:02,453] {cli.py:516} INFO - Running <TaskInstance: blah.sleeps_forever 2019-08-14T04:23:35.932990+00:00 [running]> on host airflow-stuff
[2019-08-14 04:25:02,497] {bash_operator.py:81} INFO - Tmp dir root location: 
 /tmp
[2019-08-14 04:25:02,498] {bash_operator.py:91} INFO - Exporting the following env vars:
AIRFLOW_CTX_DAG_ID=blah
AIRFLOW_CTX_TASK_ID=sleeps_forever
AIRFLOW_CTX_EXECUTION_DATE=2019-08-14T04:23:35.932990+00:00
AIRFLOW_CTX_DAG_RUN_ID=manual__2019-08-14T04:23:35.932990+00:00
[2019-08-14 04:25:02,498] {bash_operator.py:105} INFO - Temporary script location: /tmp/airflowtmpf5ymhfiu/sleeps_forevernhk055_d
[2019-08-14 04:25:02,498] {bash_operator.py:115} INFO - Running command: sleep 7
[2019-08-14 04:25:02,513] {bash_operator.py:124} INFO - Output:
[2019-08-14 04:25:09,520] {bash_operator.py:132} INFO - Command exited with return code 0
[2019-08-14 04:25:10,696] {logging_mixin.py:95} INFO - [[34m2019-08-14 04:25:10,695[0m] {[34mlocal_task_job.py:[0m105} INFO[0m - Task exited with return code 0[0m
